CRITICAL - 2024-04-17 12:41:15 --> Error: Call to a member function login() on null
[Method: POST, Route: admin/submitLogin]
in APPPATH/Controllers/Admin.php on line 36.
 1 SYSTEMPATH/CodeIgniter.php(933): App\Controllers\Admin->login()
 2 SYSTEMPATH/CodeIgniter.php(509): CodeIgniter\CodeIgniter->runController()
 3 SYSTEMPATH/CodeIgniter.php(355): CodeIgniter\CodeIgniter->handleRequest()
 4 SYSTEMPATH/Boot.php(312): CodeIgniter\CodeIgniter->run()
 5 SYSTEMPATH/Boot.php(67): CodeIgniter\Boot::runCodeIgniter()
 6 FCPATH/index.php(56): CodeIgniter\Boot::bootWeb()
 7 SYSTEMPATH/Commands/Server/rewrite.php(49): require_once('/opt/lampp/htdocs/kingjari/public/index.php')
CRITICAL - 2024-04-17 12:47:35 --> CodeIgniter\View\Exceptions\ViewException: Invalid file: "admin/messages.php"
[Method: GET, Route: admin]
in SYSTEMPATH/Exceptions/FrameworkException.php on line 41.
 1 SYSTEMPATH/View/View.php(222): CodeIgniter\Exceptions\FrameworkException::forInvalidFile()
 2 SYSTEMPATH/Common.php(1171): CodeIgniter\View\View->render()
 3 APPPATH/Controllers/Admin.php(136): view()
 4 SYSTEMPATH/CodeIgniter.php(933): App\Controllers\Admin->messages()
 5 SYSTEMPATH/CodeIgniter.php(509): CodeIgniter\CodeIgniter->runController()
 6 SYSTEMPATH/CodeIgniter.php(355): CodeIgniter\CodeIgniter->handleRequest()
 7 SYSTEMPATH/Boot.php(312): CodeIgniter\CodeIgniter->run()
 8 SYSTEMPATH/Boot.php(67): CodeIgniter\Boot::runCodeIgniter()
 9 FCPATH/index.php(56): CodeIgniter\Boot::bootWeb()
10 SYSTEMPATH/Commands/Server/rewrite.php(49): require_once('/opt/lampp/htdocs/kingjari/public/index.php')
CRITICAL - 2024-04-17 12:56:54 --> TypeError: App\Models\HomeModel::getAMessage(): Return value must be of type array, stdClass returned
[Method: GET, Route: admin/mail/1]
in APPPATH/Models/HomeModel.php on line 52.
 1 APPPATH/Controllers/Admin.php(149): App\Models\HomeModel->getAMessage()
 2 SYSTEMPATH/CodeIgniter.php(933): App\Controllers\Admin->getMessage()
 3 SYSTEMPATH/CodeIgniter.php(509): CodeIgniter\CodeIgniter->runController()
 4 SYSTEMPATH/CodeIgniter.php(355): CodeIgniter\CodeIgniter->handleRequest()
 5 SYSTEMPATH/Boot.php(312): CodeIgniter\CodeIgniter->run()
 6 SYSTEMPATH/Boot.php(67): CodeIgniter\Boot::runCodeIgniter()
 7 FCPATH/index.php(56): CodeIgniter\Boot::bootWeb()
 8 SYSTEMPATH/Commands/Server/rewrite.php(49): require_once('/opt/lampp/htdocs/kingjari/public/index.php')
CRITICAL - 2024-04-17 12:57:41 --> TypeError: App\Models\HomeModel::getAMessage(): Return value must be of type array, stdClass returned
[Method: GET, Route: admin/mail/1]
in APPPATH/Models/HomeModel.php on line 52.
 1 APPPATH/Controllers/Admin.php(149): App\Models\HomeModel->getAMessage()
 2 SYSTEMPATH/CodeIgniter.php(933): App\Controllers\Admin->getMessage()
 3 SYSTEMPATH/CodeIgniter.php(509): CodeIgniter\CodeIgniter->runController()
 4 SYSTEMPATH/CodeIgniter.php(355): CodeIgniter\CodeIgniter->handleRequest()
 5 SYSTEMPATH/Boot.php(312): CodeIgniter\CodeIgniter->run()
 6 SYSTEMPATH/Boot.php(67): CodeIgniter\Boot::runCodeIgniter()
 7 FCPATH/index.php(56): CodeIgniter\Boot::bootWeb()
 8 SYSTEMPATH/Commands/Server/rewrite.php(49): require_once('/opt/lampp/htdocs/kingjari/public/index.php')
CRITICAL - 2024-04-17 12:57:55 --> TypeError: App\Models\HomeModel::getAMessage(): Return value must be of type array, stdClass returned
[Method: GET, Route: admin/mail/1]
in APPPATH/Models/HomeModel.php on line 52.
 1 APPPATH/Controllers/Admin.php(149): App\Models\HomeModel->getAMessage()
 2 SYSTEMPATH/CodeIgniter.php(933): App\Controllers\Admin->getMessage()
 3 SYSTEMPATH/CodeIgniter.php(509): CodeIgniter\CodeIgniter->runController()
 4 SYSTEMPATH/CodeIgniter.php(355): CodeIgniter\CodeIgniter->handleRequest()
 5 SYSTEMPATH/Boot.php(312): CodeIgniter\CodeIgniter->run()
 6 SYSTEMPATH/Boot.php(67): CodeIgniter\Boot::runCodeIgniter()
 7 FCPATH/index.php(56): CodeIgniter\Boot::bootWeb()
 8 SYSTEMPATH/Commands/Server/rewrite.php(49): require_once('/opt/lampp/htdocs/kingjari/public/index.php')
CRITICAL - 2024-04-17 12:59:28 --> Error: Cannot use object of type stdClass as array
[Method: GET, Route: admin/mail/1]
in APPPATH/Views/admin/viewMail.php on line 4.
 1 SYSTEMPATH/View/View.php(234): include()
 2 SYSTEMPATH/View/View.php(237): CodeIgniter\View\View->CodeIgniter\View\{closure}()
 3 SYSTEMPATH/Common.php(1171): CodeIgniter\View\View->render()
 4 APPPATH/Controllers/Admin.php(152): view()
 5 SYSTEMPATH/CodeIgniter.php(933): App\Controllers\Admin->getMessage()
 6 SYSTEMPATH/CodeIgniter.php(509): CodeIgniter\CodeIgniter->runController()
 7 SYSTEMPATH/CodeIgniter.php(355): CodeIgniter\CodeIgniter->handleRequest()
 8 SYSTEMPATH/Boot.php(312): CodeIgniter\CodeIgniter->run()
 9 SYSTEMPATH/Boot.php(67): CodeIgniter\Boot::runCodeIgniter()
10 FCPATH/index.php(56): CodeIgniter\Boot::bootWeb()
11 SYSTEMPATH/Commands/Server/rewrite.php(49): require_once('/opt/lampp/htdocs/kingjari/public/index.php')
CRITICAL - 2024-04-17 13:05:29 --> Error: Cannot use object of type stdClass as array
[Method: GET, Route: admin/mail/1]
in APPPATH/Views/admin/viewMail.php on line 4.
 1 SYSTEMPATH/View/View.php(234): include()
 2 SYSTEMPATH/View/View.php(237): CodeIgniter\View\View->CodeIgniter\View\{closure}()
 3 SYSTEMPATH/Common.php(1171): CodeIgniter\View\View->render()
 4 APPPATH/Controllers/Admin.php(152): view()
 5 SYSTEMPATH/CodeIgniter.php(933): App\Controllers\Admin->getMessage()
 6 SYSTEMPATH/CodeIgniter.php(509): CodeIgniter\CodeIgniter->runController()
 7 SYSTEMPATH/CodeIgniter.php(355): CodeIgniter\CodeIgniter->handleRequest()
 8 SYSTEMPATH/Boot.php(312): CodeIgniter\CodeIgniter->run()
 9 SYSTEMPATH/Boot.php(67): CodeIgniter\Boot::runCodeIgniter()
10 FCPATH/index.php(56): CodeIgniter\Boot::bootWeb()
11 SYSTEMPATH/Commands/Server/rewrite.php(49): require_once('/opt/lampp/htdocs/kingjari/public/index.php')
CRITICAL - 2024-04-17 13:14:07 --> Error: Call to undefined function set_value()
[Method: GET, Route: admin/user]
in APPPATH/Views/admin/users.php on line 43.
 1 SYSTEMPATH/View/View.php(234): include()
 2 SYSTEMPATH/View/View.php(237): CodeIgniter\View\View->CodeIgniter\View\{closure}()
 3 SYSTEMPATH/Common.php(1171): CodeIgniter\View\View->render()
 4 APPPATH/Controllers/Admin.php(124): view()
 5 SYSTEMPATH/CodeIgniter.php(933): App\Controllers\Admin->getAllUSers()
 6 SYSTEMPATH/CodeIgniter.php(509): CodeIgniter\CodeIgniter->runController()
 7 SYSTEMPATH/CodeIgniter.php(355): CodeIgniter\CodeIgniter->handleRequest()
 8 SYSTEMPATH/Boot.php(312): CodeIgniter\CodeIgniter->run()
 9 SYSTEMPATH/Boot.php(67): CodeIgniter\Boot::runCodeIgniter()
10 FCPATH/index.php(56): CodeIgniter\Boot::bootWeb()
11 SYSTEMPATH/Commands/Server/rewrite.php(49): require_once('/opt/lampp/htdocs/kingjari/public/index.php')
CRITICAL - 2024-04-17 13:15:47 --> Error: Call to undefined function set_value()
[Method: GET, Route: admin/user]
in APPPATH/Views/admin/users.php on line 43.
 1 SYSTEMPATH/View/View.php(234): include()
 2 SYSTEMPATH/View/View.php(237): CodeIgniter\View\View->CodeIgniter\View\{closure}()
 3 SYSTEMPATH/Common.php(1171): CodeIgniter\View\View->render()
 4 APPPATH/Controllers/Admin.php(125): view()
 5 SYSTEMPATH/CodeIgniter.php(933): App\Controllers\Admin->getAllUSers()
 6 SYSTEMPATH/CodeIgniter.php(509): CodeIgniter\CodeIgniter->runController()
 7 SYSTEMPATH/CodeIgniter.php(355): CodeIgniter\CodeIgniter->handleRequest()
 8 SYSTEMPATH/Boot.php(312): CodeIgniter\CodeIgniter->run()
 9 SYSTEMPATH/Boot.php(67): CodeIgniter\Boot::runCodeIgniter()
10 FCPATH/index.php(56): CodeIgniter\Boot::bootWeb()
11 SYSTEMPATH/Commands/Server/rewrite.php(49): require_once('/opt/lampp/htdocs/kingjari/public/index.php')
CRITICAL - 2024-04-17 13:16:33 --> Error: Call to undefined function setValue()
[Method: GET, Route: admin/user]
in APPPATH/Views/admin/users.php on line 43.
 1 SYSTEMPATH/View/View.php(234): include()
 2 SYSTEMPATH/View/View.php(237): CodeIgniter\View\View->CodeIgniter\View\{closure}()
 3 SYSTEMPATH/Common.php(1171): CodeIgniter\View\View->render()
 4 APPPATH/Controllers/Admin.php(125): view()
 5 SYSTEMPATH/CodeIgniter.php(933): App\Controllers\Admin->getAllUSers()
 6 SYSTEMPATH/CodeIgniter.php(509): CodeIgniter\CodeIgniter->runController()
 7 SYSTEMPATH/CodeIgniter.php(355): CodeIgniter\CodeIgniter->handleRequest()
 8 SYSTEMPATH/Boot.php(312): CodeIgniter\CodeIgniter->run()
 9 SYSTEMPATH/Boot.php(67): CodeIgniter\Boot::runCodeIgniter()
10 FCPATH/index.php(56): CodeIgniter\Boot::bootWeb()
11 SYSTEMPATH/Commands/Server/rewrite.php(49): require_once('/opt/lampp/htdocs/kingjari/public/index.php')
CRITICAL - 2024-04-17 13:16:48 --> Error: Call to undefined function set_value()
[Method: GET, Route: admin/user]
in APPPATH/Views/admin/users.php on line 43.
 1 SYSTEMPATH/View/View.php(234): include()
 2 SYSTEMPATH/View/View.php(237): CodeIgniter\View\View->CodeIgniter\View\{closure}()
 3 SYSTEMPATH/Common.php(1171): CodeIgniter\View\View->render()
 4 APPPATH/Controllers/Admin.php(125): view()
 5 SYSTEMPATH/CodeIgniter.php(933): App\Controllers\Admin->getAllUSers()
 6 SYSTEMPATH/CodeIgniter.php(509): CodeIgniter\CodeIgniter->runController()
 7 SYSTEMPATH/CodeIgniter.php(355): CodeIgniter\CodeIgniter->handleRequest()
 8 SYSTEMPATH/Boot.php(312): CodeIgniter\CodeIgniter->run()
 9 SYSTEMPATH/Boot.php(67): CodeIgniter\Boot::runCodeIgniter()
10 FCPATH/index.php(56): CodeIgniter\Boot::bootWeb()
11 SYSTEMPATH/Commands/Server/rewrite.php(49): require_once('/opt/lampp/htdocs/kingjari/public/index.php')
CRITICAL - 2024-04-17 13:26:48 --> ErrorException: Array to string conversion
[Method: GET, Route: admin/user]
in APPPATH/Views/layout/adminHeader.php on line 43.
 1 APPPATH/Views/layout/adminHeader.php(43): CodeIgniter\Debug\Exceptions->errorHandler()
 2 SYSTEMPATH/View/View.php(234): include('/opt/lampp/htdocs/kingjari/app/Views/layout/adminHeader.php')
 3 SYSTEMPATH/View/View.php(237): CodeIgniter\View\View->CodeIgniter\View\{closure}()
 4 SYSTEMPATH/Common.php(1171): CodeIgniter\View\View->render()
 5 APPPATH/Controllers/Admin.php(124): view()
 6 SYSTEMPATH/CodeIgniter.php(933): App\Controllers\Admin->getAllUSers()
 7 SYSTEMPATH/CodeIgniter.php(509): CodeIgniter\CodeIgniter->runController()
 8 SYSTEMPATH/CodeIgniter.php(355): CodeIgniter\CodeIgniter->handleRequest()
 9 SYSTEMPATH/Boot.php(312): CodeIgniter\CodeIgniter->run()
10 SYSTEMPATH/Boot.php(67): CodeIgniter\Boot::runCodeIgniter()
11 FCPATH/index.php(56): CodeIgniter\Boot::bootWeb()
12 SYSTEMPATH/Commands/Server/rewrite.php(49): require_once('/opt/lampp/htdocs/kingjari/public/index.php')
CRITICAL - 2024-04-17 13:32:15 --> ErrorException: Array to string conversion
[Method: GET, Route: admin/user]
in APPPATH/Views/layout/adminHeader.php on line 43.
 1 APPPATH/Views/layout/adminHeader.php(43): CodeIgniter\Debug\Exceptions->errorHandler()
 2 SYSTEMPATH/View/View.php(234): include('/opt/lampp/htdocs/kingjari/app/Views/layout/adminHeader.php')
 3 SYSTEMPATH/View/View.php(237): CodeIgniter\View\View->CodeIgniter\View\{closure}()
 4 SYSTEMPATH/Common.php(1171): CodeIgniter\View\View->render()
 5 APPPATH/Controllers/Admin.php(124): view()
 6 SYSTEMPATH/CodeIgniter.php(933): App\Controllers\Admin->getAllUSers()
 7 SYSTEMPATH/CodeIgniter.php(509): CodeIgniter\CodeIgniter->runController()
 8 SYSTEMPATH/CodeIgniter.php(355): CodeIgniter\CodeIgniter->handleRequest()
 9 SYSTEMPATH/Boot.php(312): CodeIgniter\CodeIgniter->run()
10 SYSTEMPATH/Boot.php(67): CodeIgniter\Boot::runCodeIgniter()
11 FCPATH/index.php(56): CodeIgniter\Boot::bootWeb()
12 SYSTEMPATH/Commands/Server/rewrite.php(49): require_once('/opt/lampp/htdocs/kingjari/public/index.php')
CRITICAL - 2024-04-17 13:34:47 --> ErrorException: Array to string conversion
[Method: GET, Route: admin/user]
in APPPATH/Views/layout/adminHeader.php on line 43.
 1 APPPATH/Views/layout/adminHeader.php(43): CodeIgniter\Debug\Exceptions->errorHandler()
 2 SYSTEMPATH/View/View.php(234): include('/opt/lampp/htdocs/kingjari/app/Views/layout/adminHeader.php')
 3 SYSTEMPATH/View/View.php(237): CodeIgniter\View\View->CodeIgniter\View\{closure}()
 4 SYSTEMPATH/Common.php(1171): CodeIgniter\View\View->render()
 5 APPPATH/Controllers/Admin.php(124): view()
 6 SYSTEMPATH/CodeIgniter.php(933): App\Controllers\Admin->getAllUSers()
 7 SYSTEMPATH/CodeIgniter.php(509): CodeIgniter\CodeIgniter->runController()
 8 SYSTEMPATH/CodeIgniter.php(355): CodeIgniter\CodeIgniter->handleRequest()
 9 SYSTEMPATH/Boot.php(312): CodeIgniter\CodeIgniter->run()
10 SYSTEMPATH/Boot.php(67): CodeIgniter\Boot::runCodeIgniter()
11 FCPATH/index.php(56): CodeIgniter\Boot::bootWeb()
12 SYSTEMPATH/Commands/Server/rewrite.php(49): require_once('/opt/lampp/htdocs/kingjari/public/index.php')
CRITICAL - 2024-04-17 13:36:18 --> ErrorException: Array to string conversion
[Method: GET, Route: admin/user]
in APPPATH/Views/layout/adminHeader.php on line 43.
 1 APPPATH/Views/layout/adminHeader.php(43): CodeIgniter\Debug\Exceptions->errorHandler()
 2 SYSTEMPATH/View/View.php(234): include('/opt/lampp/htdocs/kingjari/app/Views/layout/adminHeader.php')
 3 SYSTEMPATH/View/View.php(237): CodeIgniter\View\View->CodeIgniter\View\{closure}()
 4 SYSTEMPATH/Common.php(1171): CodeIgniter\View\View->render()
 5 APPPATH/Controllers/Admin.php(124): view()
 6 SYSTEMPATH/CodeIgniter.php(933): App\Controllers\Admin->getAllUSers()
 7 SYSTEMPATH/CodeIgniter.php(509): CodeIgniter\CodeIgniter->runController()
 8 SYSTEMPATH/CodeIgniter.php(355): CodeIgniter\CodeIgniter->handleRequest()
 9 SYSTEMPATH/Boot.php(312): CodeIgniter\CodeIgniter->run()
10 SYSTEMPATH/Boot.php(67): CodeIgniter\Boot::runCodeIgniter()
11 FCPATH/index.php(56): CodeIgniter\Boot::bootWeb()
12 SYSTEMPATH/Commands/Server/rewrite.php(49): require_once('/opt/lampp/htdocs/kingjari/public/index.php')
CRITICAL - 2024-04-17 13:43:13 --> ErrorException: Array to string conversion
[Method: GET, Route: admin/user]
in APPPATH/Views/layout/adminHeader.php on line 43.
 1 APPPATH/Views/layout/adminHeader.php(43): CodeIgniter\Debug\Exceptions->errorHandler()
 2 SYSTEMPATH/View/View.php(234): include('/opt/lampp/htdocs/kingjari/app/Views/layout/adminHeader.php')
 3 SYSTEMPATH/View/View.php(237): CodeIgniter\View\View->CodeIgniter\View\{closure}()
 4 SYSTEMPATH/Common.php(1171): CodeIgniter\View\View->render()
 5 APPPATH/Controllers/Admin.php(124): view()
 6 SYSTEMPATH/CodeIgniter.php(933): App\Controllers\Admin->getAllUSers()
 7 SYSTEMPATH/CodeIgniter.php(509): CodeIgniter\CodeIgniter->runController()
 8 SYSTEMPATH/CodeIgniter.php(355): CodeIgniter\CodeIgniter->handleRequest()
 9 SYSTEMPATH/Boot.php(312): CodeIgniter\CodeIgniter->run()
10 SYSTEMPATH/Boot.php(67): CodeIgniter\Boot::runCodeIgniter()
11 FCPATH/index.php(56): CodeIgniter\Boot::bootWeb()
12 SYSTEMPATH/Commands/Server/rewrite.php(49): require_once('/opt/lampp/htdocs/kingjari/public/index.php')
CRITICAL - 2024-04-17 13:50:50 --> TypeError: Illegal offset type
[Method: POST, Route: admin/register]
in SYSTEMPATH/Session/Session.php on line 469.
 1 SYSTEMPATH/Session/Session.php(628): CodeIgniter\Session\Session->set()
 2 APPPATH/Controllers/Admin.php(86): CodeIgniter\Session\Session->setFlashdata()
 3 SYSTEMPATH/CodeIgniter.php(933): App\Controllers\Admin->register()
 4 SYSTEMPATH/CodeIgniter.php(509): CodeIgniter\CodeIgniter->runController()
 5 SYSTEMPATH/CodeIgniter.php(355): CodeIgniter\CodeIgniter->handleRequest()
 6 SYSTEMPATH/Boot.php(312): CodeIgniter\CodeIgniter->run()
 7 SYSTEMPATH/Boot.php(67): CodeIgniter\Boot::runCodeIgniter()
 8 FCPATH/index.php(56): CodeIgniter\Boot::bootWeb()
 9 SYSTEMPATH/Commands/Server/rewrite.php(49): require_once('/opt/lampp/htdocs/kingjari/public/index.php')
CRITICAL - 2024-04-17 13:51:58 --> ErrorException: Array to string conversion
[Method: GET, Route: admin/user]
in APPPATH/Views/layout/adminHeader.php on line 43.
 1 APPPATH/Views/layout/adminHeader.php(43): CodeIgniter\Debug\Exceptions->errorHandler()
 2 SYSTEMPATH/View/View.php(234): include('/opt/lampp/htdocs/kingjari/app/Views/layout/adminHeader.php')
 3 SYSTEMPATH/View/View.php(237): CodeIgniter\View\View->CodeIgniter\View\{closure}()
 4 SYSTEMPATH/Common.php(1171): CodeIgniter\View\View->render()
 5 APPPATH/Controllers/Admin.php(124): view()
 6 SYSTEMPATH/CodeIgniter.php(933): App\Controllers\Admin->getAllUSers()
 7 SYSTEMPATH/CodeIgniter.php(509): CodeIgniter\CodeIgniter->runController()
 8 SYSTEMPATH/CodeIgniter.php(355): CodeIgniter\CodeIgniter->handleRequest()
 9 SYSTEMPATH/Boot.php(312): CodeIgniter\CodeIgniter->run()
10 SYSTEMPATH/Boot.php(67): CodeIgniter\Boot::runCodeIgniter()
11 FCPATH/index.php(56): CodeIgniter\Boot::bootWeb()
12 SYSTEMPATH/Commands/Server/rewrite.php(49): require_once('/opt/lampp/htdocs/kingjari/public/index.php')
CRITICAL - 2024-04-17 14:38:02 --> Error: Call to a member function listErrors() on array
[Method: POST, Route: admin/register]
in APPPATH/Controllers/Admin.php on line 86.
 1 SYSTEMPATH/CodeIgniter.php(933): App\Controllers\Admin->register()
 2 SYSTEMPATH/CodeIgniter.php(509): CodeIgniter\CodeIgniter->runController()
 3 SYSTEMPATH/CodeIgniter.php(355): CodeIgniter\CodeIgniter->handleRequest()
 4 SYSTEMPATH/Boot.php(312): CodeIgniter\CodeIgniter->run()
 5 SYSTEMPATH/Boot.php(67): CodeIgniter\Boot::runCodeIgniter()
 6 FCPATH/index.php(56): CodeIgniter\Boot::bootWeb()
 7 SYSTEMPATH/Commands/Server/rewrite.php(49): require_once('/opt/lampp/htdocs/kingjari/public/index.php')
CRITICAL - 2024-04-17 14:47:48 --> TypeError: App\Models\HomeModel::getAllMedia(): Return value must be of type array, null returned
[Method: GET, Route: admin/media]
in APPPATH/Models/HomeModel.php on line 63.
 1 APPPATH/Controllers/Admin.php(166): App\Models\HomeModel->getAllMedia()
 2 SYSTEMPATH/CodeIgniter.php(933): App\Controllers\Admin->getAllMedia()
 3 SYSTEMPATH/CodeIgniter.php(509): CodeIgniter\CodeIgniter->runController()
 4 SYSTEMPATH/CodeIgniter.php(355): CodeIgniter\CodeIgniter->handleRequest()
 5 SYSTEMPATH/Boot.php(312): CodeIgniter\CodeIgniter->run()
 6 SYSTEMPATH/Boot.php(67): CodeIgniter\Boot::runCodeIgniter()
 7 FCPATH/index.php(56): CodeIgniter\Boot::bootWeb()
 8 SYSTEMPATH/Commands/Server/rewrite.php(49): require_once('/opt/lampp/htdocs/kingjari/public/index.php')
CRITICAL - 2024-04-17 14:51:38 --> TypeError: App\Models\HomeModel::getAllMedia(): Return value must be of type array, null returned
[Method: GET, Route: admin/media]
in APPPATH/Models/HomeModel.php on line 63.
 1 APPPATH/Controllers/Admin.php(166): App\Models\HomeModel->getAllMedia()
 2 SYSTEMPATH/CodeIgniter.php(933): App\Controllers\Admin->getAllMedia()
 3 SYSTEMPATH/CodeIgniter.php(509): CodeIgniter\CodeIgniter->runController()
 4 SYSTEMPATH/CodeIgniter.php(355): CodeIgniter\CodeIgniter->handleRequest()
 5 SYSTEMPATH/Boot.php(312): CodeIgniter\CodeIgniter->run()
 6 SYSTEMPATH/Boot.php(67): CodeIgniter\Boot::runCodeIgniter()
 7 FCPATH/index.php(56): CodeIgniter\Boot::bootWeb()
 8 SYSTEMPATH/Commands/Server/rewrite.php(49): require_once('/opt/lampp/htdocs/kingjari/public/index.php')
CRITICAL - 2024-04-17 15:00:30 --> CodeIgniter\View\Exceptions\ViewException: Invalid file: "upload_form.php"
[Method: POST, Route: admin/media]
in SYSTEMPATH/Exceptions/FrameworkException.php on line 41.
 1 SYSTEMPATH/View/View.php(222): CodeIgniter\Exceptions\FrameworkException::forInvalidFile()
 2 SYSTEMPATH/Common.php(1171): CodeIgniter\View\View->render()
 3 APPPATH/Controllers/Admin.php(220): view()
 4 SYSTEMPATH/CodeIgniter.php(933): App\Controllers\Admin->addMedia()
 5 SYSTEMPATH/CodeIgniter.php(509): CodeIgniter\CodeIgniter->runController()
 6 SYSTEMPATH/CodeIgniter.php(355): CodeIgniter\CodeIgniter->handleRequest()
 7 SYSTEMPATH/Boot.php(312): CodeIgniter\CodeIgniter->run()
 8 SYSTEMPATH/Boot.php(67): CodeIgniter\Boot::runCodeIgniter()
 9 FCPATH/index.php(56): CodeIgniter\Boot::bootWeb()
10 SYSTEMPATH/Commands/Server/rewrite.php(49): require_once('/opt/lampp/htdocs/kingjari/public/index.php')
CRITICAL - 2024-04-17 15:34:58 --> TypeError: trim(): Argument #1 ($string) must be of type string, null given
[Method: POST, Route: admin/media]
in SYSTEMPATH/Validation/Validation.php on line 319.
 1 SYSTEMPATH/Validation/Validation.php(319): trim()
 2 SYSTEMPATH/Validation/Validation.php(201): CodeIgniter\Validation\Validation->processRules()
 3 SYSTEMPATH/Controller.php(152): CodeIgniter\Validation\Validation->run()
 4 APPPATH/Controllers/Admin.php(216): CodeIgniter\Controller->validateData()
 5 SYSTEMPATH/CodeIgniter.php(933): App\Controllers\Admin->addMedia()
 6 SYSTEMPATH/CodeIgniter.php(509): CodeIgniter\CodeIgniter->runController()
 7 SYSTEMPATH/CodeIgniter.php(355): CodeIgniter\CodeIgniter->handleRequest()
 8 SYSTEMPATH/Boot.php(312): CodeIgniter\CodeIgniter->run()
 9 SYSTEMPATH/Boot.php(67): CodeIgniter\Boot::runCodeIgniter()
10 FCPATH/index.php(56): CodeIgniter\Boot::bootWeb()
11 SYSTEMPATH/Commands/Server/rewrite.php(49): require_once('/opt/lampp/htdocs/kingjari/public/index.php')
CRITICAL - 2024-04-17 15:39:21 --> TypeError: trim(): Argument #1 ($string) must be of type string, null given
[Method: POST, Route: admin/media]
in SYSTEMPATH/Validation/Validation.php on line 319.
 1 SYSTEMPATH/Validation/Validation.php(319): trim()
 2 SYSTEMPATH/Validation/Validation.php(201): CodeIgniter\Validation\Validation->processRules()
 3 SYSTEMPATH/Controller.php(152): CodeIgniter\Validation\Validation->run()
 4 APPPATH/Controllers/Admin.php(222): CodeIgniter\Controller->validateData()
 5 SYSTEMPATH/CodeIgniter.php(933): App\Controllers\Admin->addMedia()
 6 SYSTEMPATH/CodeIgniter.php(509): CodeIgniter\CodeIgniter->runController()
 7 SYSTEMPATH/CodeIgniter.php(355): CodeIgniter\CodeIgniter->handleRequest()
 8 SYSTEMPATH/Boot.php(312): CodeIgniter\CodeIgniter->run()
 9 SYSTEMPATH/Boot.php(67): CodeIgniter\Boot::runCodeIgniter()
10 FCPATH/index.php(56): CodeIgniter\Boot::bootWeb()
11 SYSTEMPATH/Commands/Server/rewrite.php(49): require_once('/opt/lampp/htdocs/kingjari/public/index.php')
CRITICAL - 2024-04-17 15:42:16 --> ErrorException: finfo_file(/tmp/phplUkkwK): Failed to open stream: No such file or directory
[Method: POST, Route: admin/media]
in SYSTEMPATH/Files/File.php on line 114.
 1 [internal function]: CodeIgniter\Debug\Exceptions->errorHandler()
 2 SYSTEMPATH/Files/File.php(114): finfo_file()
 3 APPPATH/Controllers/Admin.php(241): CodeIgniter\Files\File->getMimeType()
 4 SYSTEMPATH/CodeIgniter.php(933): App\Controllers\Admin->addMedia()
 5 SYSTEMPATH/CodeIgniter.php(509): CodeIgniter\CodeIgniter->runController()
 6 SYSTEMPATH/CodeIgniter.php(355): CodeIgniter\CodeIgniter->handleRequest()
 7 SYSTEMPATH/Boot.php(312): CodeIgniter\CodeIgniter->run()
 8 SYSTEMPATH/Boot.php(67): CodeIgniter\Boot::runCodeIgniter()
 9 FCPATH/index.php(56): CodeIgniter\Boot::bootWeb()
10 SYSTEMPATH/Commands/Server/rewrite.php(49): require_once('/opt/lampp/htdocs/kingjari/public/index.php')
