CRITICAL - 2024-04-20 12:47:57 --> ErrorException: Constant expression contains invalid operations
[Method: GET, Route: admin]
in APPPATH/Controllers/Admin.php on line 13.
 1 [internal function]: CodeIgniter\Debug\Exceptions->shutdownHandler()
CRITICAL - 2024-04-20 13:02:14 --> Error: Call to undefined method IonAuth\Models\IonAuthModel::paginate()
[Method: GET, Route: admin/user]
in APPPATH/Controllers/Admin.php on line 123.
 1 SYSTEMPATH/CodeIgniter.php(933): App\Controllers\Admin->getAllUSers()
 2 SYSTEMPATH/CodeIgniter.php(509): CodeIgniter\CodeIgniter->runController()
 3 SYSTEMPATH/CodeIgniter.php(355): CodeIgniter\CodeIgniter->handleRequest()
 4 SYSTEMPATH/Boot.php(312): CodeIgniter\CodeIgniter->run()
 5 SYSTEMPATH/Boot.php(67): CodeIgniter\Boot::runCodeIgniter()
 6 FCPATH/index.php(56): CodeIgniter\Boot::bootWeb()
 7 SYSTEMPATH/Commands/Server/rewrite.php(49): require_once('/opt/lampp/htdocs/kingjari/public/index.php')
CRITICAL - 2024-04-20 13:04:40 --> ErrorException: Attempt to read property "first_name" on array
[Method: GET, Route: admin/user]
in APPPATH/Views/admin/users.php on line 20.
 1 APPPATH/Views/admin/users.php(20): CodeIgniter\Debug\Exceptions->errorHandler()
 2 SYSTEMPATH/View/View.php(234): include('/opt/lampp/htdocs/kingjari/app/Views/admin/users.php')
 3 SYSTEMPATH/View/View.php(237): CodeIgniter\View\View->CodeIgniter\View\{closure}()
 4 SYSTEMPATH/Common.php(1171): CodeIgniter\View\View->render()
 5 APPPATH/Controllers/Admin.php(128): view()
 6 SYSTEMPATH/CodeIgniter.php(933): App\Controllers\Admin->getAllUSers()
 7 SYSTEMPATH/CodeIgniter.php(509): CodeIgniter\CodeIgniter->runController()
 8 SYSTEMPATH/CodeIgniter.php(355): CodeIgniter\CodeIgniter->handleRequest()
 9 SYSTEMPATH/Boot.php(312): CodeIgniter\CodeIgniter->run()
10 SYSTEMPATH/Boot.php(67): CodeIgniter\Boot::runCodeIgniter()
11 FCPATH/index.php(56): CodeIgniter\Boot::bootWeb()
12 SYSTEMPATH/Commands/Server/rewrite.php(49): require_once('/opt/lampp/htdocs/kingjari/public/index.php')
CRITICAL - 2024-04-20 13:09:02 --> ErrorException: Attempt to read property "first_name" on array
[Method: GET, Route: admin/user]
in APPPATH/Views/admin/users.php on line 22.
 1 APPPATH/Views/admin/users.php(22): CodeIgniter\Debug\Exceptions->errorHandler()
 2 SYSTEMPATH/View/View.php(234): include('/opt/lampp/htdocs/kingjari/app/Views/admin/users.php')
 3 SYSTEMPATH/View/View.php(237): CodeIgniter\View\View->CodeIgniter\View\{closure}()
 4 SYSTEMPATH/Common.php(1171): CodeIgniter\View\View->render()
 5 APPPATH/Controllers/Admin.php(129): view()
 6 SYSTEMPATH/CodeIgniter.php(933): App\Controllers\Admin->getAllUSers()
 7 SYSTEMPATH/CodeIgniter.php(509): CodeIgniter\CodeIgniter->runController()
 8 SYSTEMPATH/CodeIgniter.php(355): CodeIgniter\CodeIgniter->handleRequest()
 9 SYSTEMPATH/Boot.php(312): CodeIgniter\CodeIgniter->run()
10 SYSTEMPATH/Boot.php(67): CodeIgniter\Boot::runCodeIgniter()
11 FCPATH/index.php(56): CodeIgniter\Boot::bootWeb()
12 SYSTEMPATH/Commands/Server/rewrite.php(49): require_once('/opt/lampp/htdocs/kingjari/public/index.php')
CRITICAL - 2024-04-20 13:21:24 --> Error: Call to a member function getRow() on bool
[Method: GET, Route: admin/deletemedia/8]
in APPPATH/Models/HomeModel.php on line 80.
 1 APPPATH/Controllers/Admin.php(178): App\Models\HomeModel->deleteMedia()
 2 SYSTEMPATH/CodeIgniter.php(933): App\Controllers\Admin->deleteMedia()
 3 SYSTEMPATH/CodeIgniter.php(509): CodeIgniter\CodeIgniter->runController()
 4 SYSTEMPATH/CodeIgniter.php(355): CodeIgniter\CodeIgniter->handleRequest()
 5 SYSTEMPATH/Boot.php(312): CodeIgniter\CodeIgniter->run()
 6 SYSTEMPATH/Boot.php(67): CodeIgniter\Boot::runCodeIgniter()
 7 FCPATH/index.php(56): CodeIgniter\Boot::bootWeb()
 8 SYSTEMPATH/Commands/Server/rewrite.php(49): require_once('/opt/lampp/htdocs/kingjari/public/index.php')
CRITICAL - 2024-04-20 13:21:37 --> Error: Call to a member function getRow() on bool
[Method: GET, Route: admin/deletemedia/7]
in APPPATH/Models/HomeModel.php on line 80.
 1 APPPATH/Controllers/Admin.php(178): App\Models\HomeModel->deleteMedia()
 2 SYSTEMPATH/CodeIgniter.php(933): App\Controllers\Admin->deleteMedia()
 3 SYSTEMPATH/CodeIgniter.php(509): CodeIgniter\CodeIgniter->runController()
 4 SYSTEMPATH/CodeIgniter.php(355): CodeIgniter\CodeIgniter->handleRequest()
 5 SYSTEMPATH/Boot.php(312): CodeIgniter\CodeIgniter->run()
 6 SYSTEMPATH/Boot.php(67): CodeIgniter\Boot::runCodeIgniter()
 7 FCPATH/index.php(56): CodeIgniter\Boot::bootWeb()
 8 SYSTEMPATH/Commands/Server/rewrite.php(49): require_once('/opt/lampp/htdocs/kingjari/public/index.php')
CRITICAL - 2024-04-20 13:25:29 --> ErrorException: Attempt to read property "thumbnail" on null
[Method: GET, Route: admin/deletemedia/7]
in APPPATH/Models/HomeModel.php on line 75.
 1 APPPATH/Models/HomeModel.php(75): CodeIgniter\Debug\Exceptions->errorHandler()
 2 APPPATH/Controllers/Admin.php(178): App\Models\HomeModel->deleteMedia()
 3 SYSTEMPATH/CodeIgniter.php(933): App\Controllers\Admin->deleteMedia()
 4 SYSTEMPATH/CodeIgniter.php(509): CodeIgniter\CodeIgniter->runController()
 5 SYSTEMPATH/CodeIgniter.php(355): CodeIgniter\CodeIgniter->handleRequest()
 6 SYSTEMPATH/Boot.php(312): CodeIgniter\CodeIgniter->run()
 7 SYSTEMPATH/Boot.php(67): CodeIgniter\Boot::runCodeIgniter()
 8 FCPATH/index.php(56): CodeIgniter\Boot::bootWeb()
 9 SYSTEMPATH/Commands/Server/rewrite.php(49): require_once('/opt/lampp/htdocs/kingjari/public/index.php')
CRITICAL - 2024-04-20 13:26:30 --> ErrorException: Attempt to read property "thumbnail" on null
[Method: GET, Route: admin/deletemedia/9]
in APPPATH/Models/HomeModel.php on line 75.
 1 APPPATH/Models/HomeModel.php(75): CodeIgniter\Debug\Exceptions->errorHandler()
 2 APPPATH/Controllers/Admin.php(178): App\Models\HomeModel->deleteMedia()
 3 SYSTEMPATH/CodeIgniter.php(933): App\Controllers\Admin->deleteMedia()
 4 SYSTEMPATH/CodeIgniter.php(509): CodeIgniter\CodeIgniter->runController()
 5 SYSTEMPATH/CodeIgniter.php(355): CodeIgniter\CodeIgniter->handleRequest()
 6 SYSTEMPATH/Boot.php(312): CodeIgniter\CodeIgniter->run()
 7 SYSTEMPATH/Boot.php(67): CodeIgniter\Boot::runCodeIgniter()
 8 FCPATH/index.php(56): CodeIgniter\Boot::bootWeb()
 9 SYSTEMPATH/Commands/Server/rewrite.php(49): require_once('/opt/lampp/htdocs/kingjari/public/index.php')
CRITICAL - 2024-04-20 13:27:33 --> ErrorException: unlink(/opt/lampp/htdocs/kingjari/public/uploads/IMG-20240407-WA0003.jpg): No such file or directory
[Method: GET, Route: admin/deletemedia/6]
in APPPATH/Models/HomeModel.php on line 77.
 1 [internal function]: CodeIgniter\Debug\Exceptions->errorHandler()
 2 APPPATH/Models/HomeModel.php(77): unlink()
 3 APPPATH/Controllers/Admin.php(178): App\Models\HomeModel->deleteMedia()
 4 SYSTEMPATH/CodeIgniter.php(933): App\Controllers\Admin->deleteMedia()
 5 SYSTEMPATH/CodeIgniter.php(509): CodeIgniter\CodeIgniter->runController()
 6 SYSTEMPATH/CodeIgniter.php(355): CodeIgniter\CodeIgniter->handleRequest()
 7 SYSTEMPATH/Boot.php(312): CodeIgniter\CodeIgniter->run()
 8 SYSTEMPATH/Boot.php(67): CodeIgniter\Boot::runCodeIgniter()
 9 FCPATH/index.php(56): CodeIgniter\Boot::bootWeb()
10 SYSTEMPATH/Commands/Server/rewrite.php(49): require_once('/opt/lampp/htdocs/kingjari/public/index.php')
CRITICAL - 2024-04-20 13:45:18 --> ParseError: syntax error, unexpected token "."
[Method: GET, Route: /]
in APPPATH/Controllers/Home.php on line 23.
 1 VENDORPATH/composer/ClassLoader.php(428): Composer\Autoload\includeFile()
 2 [internal function]: Composer\Autoload\ClassLoader->loadClass()
 3 SYSTEMPATH/CodeIgniter.php(887): class_exists()
 4 SYSTEMPATH/CodeIgniter.php(496): CodeIgniter\CodeIgniter->startController()
 5 SYSTEMPATH/CodeIgniter.php(355): CodeIgniter\CodeIgniter->handleRequest()
 6 SYSTEMPATH/Boot.php(312): CodeIgniter\CodeIgniter->run()
 7 SYSTEMPATH/Boot.php(67): CodeIgniter\Boot::runCodeIgniter()
 8 FCPATH/index.php(56): CodeIgniter\Boot::bootWeb()
 9 SYSTEMPATH/Commands/Server/rewrite.php(49): require_once('/opt/lampp/htdocs/kingjari/public/index.php')
