CRITICAL - 2024-04-21 13:54:47 --> ErrorException: Undefined variable $message
[Method: GET, Route: admin/profile]
in APPPATH/Views/admin/profile.php on line 11.
 1 APPPATH/Views/admin/profile.php(11): CodeIgniter\Debug\Exceptions->errorHandler()
 2 SYSTEMPATH/View/View.php(234): include('/opt/lampp/htdocs/kingjari/app/Views/admin/profile.php')
 3 SYSTEMPATH/View/View.php(237): CodeIgniter\View\View->CodeIgniter\View\{closure}()
 4 SYSTEMPATH/Common.php(1171): CodeIgniter\View\View->render()
 5 APPPATH/Controllers/Admin.php(24): view()
 6 SYSTEMPATH/CodeIgniter.php(933): App\Controllers\Admin->profile()
 7 SYSTEMPATH/CodeIgniter.php(509): CodeIgniter\CodeIgniter->runController()
 8 SYSTEMPATH/CodeIgniter.php(355): CodeIgniter\CodeIgniter->handleRequest()
 9 SYSTEMPATH/Boot.php(312): CodeIgniter\CodeIgniter->run()
10 SYSTEMPATH/Boot.php(67): CodeIgniter\Boot::runCodeIgniter()
11 FCPATH/index.php(56): CodeIgniter\Boot::bootWeb()
12 SYSTEMPATH/Commands/Server/rewrite.php(49): require_once('/opt/lampp/htdocs/kingjari/public/index.php')
CRITICAL - 2024-04-21 13:58:19 --> ErrorException: Attempt to read property "first_name" on array
[Method: GET, Route: admin/profile]
in APPPATH/Views/admin/profile.php on line 11.
 1 APPPATH/Views/admin/profile.php(11): CodeIgniter\Debug\Exceptions->errorHandler()
 2 SYSTEMPATH/View/View.php(234): include('/opt/lampp/htdocs/kingjari/app/Views/admin/profile.php')
 3 SYSTEMPATH/View/View.php(237): CodeIgniter\View\View->CodeIgniter\View\{closure}()
 4 SYSTEMPATH/Common.php(1171): CodeIgniter\View\View->render()
 5 APPPATH/Controllers/Admin.php(30): view()
 6 SYSTEMPATH/CodeIgniter.php(933): App\Controllers\Admin->profile()
 7 SYSTEMPATH/CodeIgniter.php(509): CodeIgniter\CodeIgniter->runController()
 8 SYSTEMPATH/CodeIgniter.php(355): CodeIgniter\CodeIgniter->handleRequest()
 9 SYSTEMPATH/Boot.php(312): CodeIgniter\CodeIgniter->run()
10 SYSTEMPATH/Boot.php(67): CodeIgniter\Boot::runCodeIgniter()
11 FCPATH/index.php(56): CodeIgniter\Boot::bootWeb()
12 SYSTEMPATH/Commands/Server/rewrite.php(49): require_once('/opt/lampp/htdocs/kingjari/public/index.php')
CRITICAL - 2024-04-21 13:58:56 --> ErrorException: Undefined array key "first_name"
[Method: GET, Route: admin/profile]
in APPPATH/Views/admin/profile.php on line 11.
 1 APPPATH/Views/admin/profile.php(11): CodeIgniter\Debug\Exceptions->errorHandler()
 2 SYSTEMPATH/View/View.php(234): include('/opt/lampp/htdocs/kingjari/app/Views/admin/profile.php')
 3 SYSTEMPATH/View/View.php(237): CodeIgniter\View\View->CodeIgniter\View\{closure}()
 4 SYSTEMPATH/Common.php(1171): CodeIgniter\View\View->render()
 5 APPPATH/Controllers/Admin.php(30): view()
 6 SYSTEMPATH/CodeIgniter.php(933): App\Controllers\Admin->profile()
 7 SYSTEMPATH/CodeIgniter.php(509): CodeIgniter\CodeIgniter->runController()
 8 SYSTEMPATH/CodeIgniter.php(355): CodeIgniter\CodeIgniter->handleRequest()
 9 SYSTEMPATH/Boot.php(312): CodeIgniter\CodeIgniter->run()
10 SYSTEMPATH/Boot.php(67): CodeIgniter\Boot::runCodeIgniter()
11 FCPATH/index.php(56): CodeIgniter\Boot::bootWeb()
12 SYSTEMPATH/Commands/Server/rewrite.php(49): require_once('/opt/lampp/htdocs/kingjari/public/index.php')
CRITICAL - 2024-04-21 13:59:22 --> ErrorException: Undefined array key "first_name"
[Method: GET, Route: admin/profile]
in APPPATH/Views/admin/profile.php on line 11.
 1 APPPATH/Views/admin/profile.php(11): CodeIgniter\Debug\Exceptions->errorHandler()
 2 SYSTEMPATH/View/View.php(234): include('/opt/lampp/htdocs/kingjari/app/Views/admin/profile.php')
 3 SYSTEMPATH/View/View.php(237): CodeIgniter\View\View->CodeIgniter\View\{closure}()
 4 SYSTEMPATH/Common.php(1171): CodeIgniter\View\View->render()
 5 APPPATH/Controllers/Admin.php(30): view()
 6 SYSTEMPATH/CodeIgniter.php(933): App\Controllers\Admin->profile()
 7 SYSTEMPATH/CodeIgniter.php(509): CodeIgniter\CodeIgniter->runController()
 8 SYSTEMPATH/CodeIgniter.php(355): CodeIgniter\CodeIgniter->handleRequest()
 9 SYSTEMPATH/Boot.php(312): CodeIgniter\CodeIgniter->run()
10 SYSTEMPATH/Boot.php(67): CodeIgniter\Boot::runCodeIgniter()
11 FCPATH/index.php(56): CodeIgniter\Boot::bootWeb()
12 SYSTEMPATH/Commands/Server/rewrite.php(49): require_once('/opt/lampp/htdocs/kingjari/public/index.php')
CRITICAL - 2024-04-21 14:00:02 --> Error: Cannot use object of type stdClass as array
[Method: GET, Route: admin/profile]
in APPPATH/Views/admin/profile.php on line 11.
 1 SYSTEMPATH/View/View.php(234): include()
 2 SYSTEMPATH/View/View.php(237): CodeIgniter\View\View->CodeIgniter\View\{closure}()
 3 SYSTEMPATH/Common.php(1171): CodeIgniter\View\View->render()
 4 APPPATH/Controllers/Admin.php(30): view()
 5 SYSTEMPATH/CodeIgniter.php(933): App\Controllers\Admin->profile()
 6 SYSTEMPATH/CodeIgniter.php(509): CodeIgniter\CodeIgniter->runController()
 7 SYSTEMPATH/CodeIgniter.php(355): CodeIgniter\CodeIgniter->handleRequest()
 8 SYSTEMPATH/Boot.php(312): CodeIgniter\CodeIgniter->run()
 9 SYSTEMPATH/Boot.php(67): CodeIgniter\Boot::runCodeIgniter()
10 FCPATH/index.php(56): CodeIgniter\Boot::bootWeb()
11 SYSTEMPATH/Commands/Server/rewrite.php(49): require_once('/opt/lampp/htdocs/kingjari/public/index.php')
CRITICAL - 2024-04-21 14:00:16 --> ParseError: syntax error, unexpected token "var"
[Method: GET, Route: admin/profile]
in APPPATH/Controllers/Admin.php on line 29.
 1 VENDORPATH/composer/ClassLoader.php(428): Composer\Autoload\includeFile()
 2 [internal function]: Composer\Autoload\ClassLoader->loadClass()
 3 SYSTEMPATH/CodeIgniter.php(887): class_exists()
 4 SYSTEMPATH/CodeIgniter.php(496): CodeIgniter\CodeIgniter->startController()
 5 SYSTEMPATH/CodeIgniter.php(355): CodeIgniter\CodeIgniter->handleRequest()
 6 SYSTEMPATH/Boot.php(312): CodeIgniter\CodeIgniter->run()
 7 SYSTEMPATH/Boot.php(67): CodeIgniter\Boot::runCodeIgniter()
 8 FCPATH/index.php(56): CodeIgniter\Boot::bootWeb()
 9 SYSTEMPATH/Commands/Server/rewrite.php(49): require_once('/opt/lampp/htdocs/kingjari/public/index.php')
CRITICAL - 2024-04-21 14:00:35 --> Error: Cannot use object of type stdClass as array
[Method: GET, Route: admin/profile]
in APPPATH/Views/admin/profile.php on line 11.
 1 SYSTEMPATH/View/View.php(234): include()
 2 SYSTEMPATH/View/View.php(237): CodeIgniter\View\View->CodeIgniter\View\{closure}()
 3 SYSTEMPATH/Common.php(1171): CodeIgniter\View\View->render()
 4 APPPATH/Controllers/Admin.php(31): view()
 5 SYSTEMPATH/CodeIgniter.php(933): App\Controllers\Admin->profile()
 6 SYSTEMPATH/CodeIgniter.php(509): CodeIgniter\CodeIgniter->runController()
 7 SYSTEMPATH/CodeIgniter.php(355): CodeIgniter\CodeIgniter->handleRequest()
 8 SYSTEMPATH/Boot.php(312): CodeIgniter\CodeIgniter->run()
 9 SYSTEMPATH/Boot.php(67): CodeIgniter\Boot::runCodeIgniter()
10 FCPATH/index.php(56): CodeIgniter\Boot::bootWeb()
11 SYSTEMPATH/Commands/Server/rewrite.php(49): require_once('/opt/lampp/htdocs/kingjari/public/index.php')
ERROR - 2024-04-21 15:15:53 --> mysqli_sql_exception: Duplicate entry '3-2' for key 'uc_users_groups' in /opt/lampp/htdocs/kingjari/vendor/codeigniter4/framework/system/Database/MySQLi/Connection.php:308
Stack trace:
#0 /opt/lampp/htdocs/kingjari/vendor/codeigniter4/framework/system/Database/MySQLi/Connection.php(308): mysqli->query()
#1 /opt/lampp/htdocs/kingjari/vendor/codeigniter4/framework/system/Database/BaseConnection.php(722): CodeIgniter\Database\MySQLi\Connection->execute()
#2 /opt/lampp/htdocs/kingjari/vendor/codeigniter4/framework/system/Database/BaseConnection.php(636): CodeIgniter\Database\BaseConnection->simpleQuery()
#3 /opt/lampp/htdocs/kingjari/vendor/codeigniter4/framework/system/Database/BaseBuilder.php(2325): CodeIgniter\Database\BaseConnection->query()
#4 /opt/lampp/htdocs/kingjari/vendor/benedmunds/codeigniter-ion-auth/Models/IonAuthModel.php(1642): CodeIgniter\Database\BaseBuilder->insert()
#5 [internal function]: IonAuth\Models\IonAuthModel->addToGroup()
#6 /opt/lampp/htdocs/kingjari/vendor/benedmunds/codeigniter-ion-auth/Libraries/IonAuth.php(104): call_user_func_array()
#7 /opt/lampp/htdocs/kingjari/app/Controllers/Admin.php(200): IonAuth\Libraries\IonAuth->__call()
#8 /opt/lampp/htdocs/kingjari/vendor/codeigniter4/framework/system/CodeIgniter.php(933): App\Controllers\Admin->register()
#9 /opt/lampp/htdocs/kingjari/vendor/codeigniter4/framework/system/CodeIgniter.php(509): CodeIgniter\CodeIgniter->runController()
#10 /opt/lampp/htdocs/kingjari/vendor/codeigniter4/framework/system/CodeIgniter.php(355): CodeIgniter\CodeIgniter->handleRequest()
#11 /opt/lampp/htdocs/kingjari/vendor/codeigniter4/framework/system/Boot.php(312): CodeIgniter\CodeIgniter->run()
#12 /opt/lampp/htdocs/kingjari/vendor/codeigniter4/framework/system/Boot.php(67): CodeIgniter\Boot::runCodeIgniter()
#13 /opt/lampp/htdocs/kingjari/public/index.php(56): CodeIgniter\Boot::bootWeb()
#14 /opt/lampp/htdocs/kingjari/vendor/codeigniter4/framework/system/Commands/Server/rewrite.php(49): require_once('...')
#15 {main}
CRITICAL - 2024-04-21 15:15:53 --> CodeIgniter\Database\Exceptions\DatabaseException: Duplicate entry '3-2' for key 'uc_users_groups'
[Method: POST, Route: admin/register]
in SYSTEMPATH/Database/BaseConnection.php on line 676.
 1 SYSTEMPATH/Database/BaseBuilder.php(2325): CodeIgniter\Database\BaseConnection->query()
 2 VENDORPATH/benedmunds/codeigniter-ion-auth/Models/IonAuthModel.php(1642): CodeIgniter\Database\BaseBuilder->insert()
 3 [internal function]: IonAuth\Models\IonAuthModel->addToGroup()
 4 VENDORPATH/benedmunds/codeigniter-ion-auth/Libraries/IonAuth.php(104): call_user_func_array()
 5 APPPATH/Controllers/Admin.php(200): IonAuth\Libraries\IonAuth->__call()
 6 SYSTEMPATH/CodeIgniter.php(933): App\Controllers\Admin->register()
 7 SYSTEMPATH/CodeIgniter.php(509): CodeIgniter\CodeIgniter->runController()
 8 SYSTEMPATH/CodeIgniter.php(355): CodeIgniter\CodeIgniter->handleRequest()
 9 SYSTEMPATH/Boot.php(312): CodeIgniter\CodeIgniter->run()
10 SYSTEMPATH/Boot.php(67): CodeIgniter\Boot::runCodeIgniter()
11 FCPATH/index.php(56): CodeIgniter\Boot::bootWeb()
12 SYSTEMPATH/Commands/Server/rewrite.php(49): require_once('/opt/lampp/htdocs/kingjari/public/index.php')
CRITICAL - 2024-04-21 15:15:53 --> [Caused by] CodeIgniter\Database\Exceptions\DatabaseException: Duplicate entry '3-2' for key 'uc_users_groups'
in SYSTEMPATH/Database/MySQLi/Connection.php on line 313.
 1 SYSTEMPATH/Database/BaseConnection.php(722): CodeIgniter\Database\MySQLi\Connection->execute()
 2 SYSTEMPATH/Database/BaseConnection.php(636): CodeIgniter\Database\BaseConnection->simpleQuery()
 3 SYSTEMPATH/Database/BaseBuilder.php(2325): CodeIgniter\Database\BaseConnection->query()
 4 VENDORPATH/benedmunds/codeigniter-ion-auth/Models/IonAuthModel.php(1642): CodeIgniter\Database\BaseBuilder->insert()
 5 [internal function]: IonAuth\Models\IonAuthModel->addToGroup()
 6 VENDORPATH/benedmunds/codeigniter-ion-auth/Libraries/IonAuth.php(104): call_user_func_array()
 7 APPPATH/Controllers/Admin.php(200): IonAuth\Libraries\IonAuth->__call()
 8 SYSTEMPATH/CodeIgniter.php(933): App\Controllers\Admin->register()
 9 SYSTEMPATH/CodeIgniter.php(509): CodeIgniter\CodeIgniter->runController()
10 SYSTEMPATH/CodeIgniter.php(355): CodeIgniter\CodeIgniter->handleRequest()
11 SYSTEMPATH/Boot.php(312): CodeIgniter\CodeIgniter->run()
12 SYSTEMPATH/Boot.php(67): CodeIgniter\Boot::runCodeIgniter()
13 FCPATH/index.php(56): CodeIgniter\Boot::bootWeb()
14 SYSTEMPATH/Commands/Server/rewrite.php(49): require_once('/opt/lampp/htdocs/kingjari/public/index.php')
CRITICAL - 2024-04-21 15:15:53 --> [Caused by] mysqli_sql_exception: Duplicate entry '3-2' for key 'uc_users_groups'
in SYSTEMPATH/Database/MySQLi/Connection.php on line 308.
 1 SYSTEMPATH/Database/MySQLi/Connection.php(308): mysqli->query()
 2 SYSTEMPATH/Database/BaseConnection.php(722): CodeIgniter\Database\MySQLi\Connection->execute()
 3 SYSTEMPATH/Database/BaseConnection.php(636): CodeIgniter\Database\BaseConnection->simpleQuery()
 4 SYSTEMPATH/Database/BaseBuilder.php(2325): CodeIgniter\Database\BaseConnection->query()
 5 VENDORPATH/benedmunds/codeigniter-ion-auth/Models/IonAuthModel.php(1642): CodeIgniter\Database\BaseBuilder->insert()
 6 [internal function]: IonAuth\Models\IonAuthModel->addToGroup()
 7 VENDORPATH/benedmunds/codeigniter-ion-auth/Libraries/IonAuth.php(104): call_user_func_array()
 8 APPPATH/Controllers/Admin.php(200): IonAuth\Libraries\IonAuth->__call()
 9 SYSTEMPATH/CodeIgniter.php(933): App\Controllers\Admin->register()
10 SYSTEMPATH/CodeIgniter.php(509): CodeIgniter\CodeIgniter->runController()
11 SYSTEMPATH/CodeIgniter.php(355): CodeIgniter\CodeIgniter->handleRequest()
12 SYSTEMPATH/Boot.php(312): CodeIgniter\CodeIgniter->run()
13 SYSTEMPATH/Boot.php(67): CodeIgniter\Boot::runCodeIgniter()
14 FCPATH/index.php(56): CodeIgniter\Boot::bootWeb()
15 SYSTEMPATH/Commands/Server/rewrite.php(49): require_once('/opt/lampp/htdocs/kingjari/public/index.php')
CRITICAL - 2024-04-21 16:23:16 --> ParseError: syntax error, unexpected token "else", expecting "function" or "const"
[Method: POST, Route: admin/forgotPassword]
in APPPATH/Controllers/Admin.php on line 141.
 1 VENDORPATH/composer/ClassLoader.php(428): Composer\Autoload\includeFile()
 2 [internal function]: Composer\Autoload\ClassLoader->loadClass()
 3 SYSTEMPATH/CodeIgniter.php(887): class_exists()
 4 SYSTEMPATH/CodeIgniter.php(496): CodeIgniter\CodeIgniter->startController()
 5 SYSTEMPATH/CodeIgniter.php(355): CodeIgniter\CodeIgniter->handleRequest()
 6 SYSTEMPATH/Boot.php(312): CodeIgniter\CodeIgniter->run()
 7 SYSTEMPATH/Boot.php(67): CodeIgniter\Boot::runCodeIgniter()
 8 FCPATH/index.php(56): CodeIgniter\Boot::bootWeb()
 9 SYSTEMPATH/Commands/Server/rewrite.php(49): require_once('/opt/lampp/htdocs/kingjari/public/index.php')
CRITICAL - 2024-04-21 16:52:15 --> ErrorException: Attempt to read property "selector" on bool
[Method: GET, Route: auth/reset_password/2]
in VENDORPATH/benedmunds/codeigniter-ion-auth/Models/IonAuthModel.php on line 765.
 1 VENDORPATH/benedmunds/codeigniter-ion-auth/Models/IonAuthModel.php(765): CodeIgniter\Debug\Exceptions->errorHandler()
 2 VENDORPATH/benedmunds/codeigniter-ion-auth/Libraries/IonAuth.php(170): IonAuth\Models\IonAuthModel->getUserByForgottenPasswordCode()
 3 APPPATH/Controllers/Admin.php(76): IonAuth\Libraries\IonAuth->forgottenPasswordCheck()
 4 SYSTEMPATH/CodeIgniter.php(933): App\Controllers\Admin->forgotPasswordCheck()
 5 SYSTEMPATH/CodeIgniter.php(509): CodeIgniter\CodeIgniter->runController()
 6 SYSTEMPATH/CodeIgniter.php(355): CodeIgniter\CodeIgniter->handleRequest()
 7 SYSTEMPATH/Boot.php(312): CodeIgniter\CodeIgniter->run()
 8 SYSTEMPATH/Boot.php(67): CodeIgniter\Boot::runCodeIgniter()
 9 FCPATH/index.php(56): CodeIgniter\Boot::bootWeb()
10 SYSTEMPATH/Commands/Server/rewrite.php(49): require_once('/opt/lampp/htdocs/kingjari/public/index.php')
CRITICAL - 2024-04-21 16:53:58 --> ErrorException: Attempt to read property "selector" on bool
[Method: GET, Route: auth/reset_password/]
in VENDORPATH/benedmunds/codeigniter-ion-auth/Models/IonAuthModel.php on line 765.
 1 VENDORPATH/benedmunds/codeigniter-ion-auth/Models/IonAuthModel.php(765): CodeIgniter\Debug\Exceptions->errorHandler()
 2 VENDORPATH/benedmunds/codeigniter-ion-auth/Libraries/IonAuth.php(170): IonAuth\Models\IonAuthModel->getUserByForgottenPasswordCode()
 3 APPPATH/Controllers/Admin.php(76): IonAuth\Libraries\IonAuth->forgottenPasswordCheck()
 4 SYSTEMPATH/CodeIgniter.php(933): App\Controllers\Admin->forgotPasswordCheck()
 5 SYSTEMPATH/CodeIgniter.php(509): CodeIgniter\CodeIgniter->runController()
 6 SYSTEMPATH/CodeIgniter.php(355): CodeIgniter\CodeIgniter->handleRequest()
 7 SYSTEMPATH/Boot.php(312): CodeIgniter\CodeIgniter->run()
 8 SYSTEMPATH/Boot.php(67): CodeIgniter\Boot::runCodeIgniter()
 9 FCPATH/index.php(56): CodeIgniter\Boot::bootWeb()
10 SYSTEMPATH/Commands/Server/rewrite.php(49): require_once('/opt/lampp/htdocs/kingjari/public/index.php')
CRITICAL - 2024-04-21 17:04:57 --> ErrorException: Array to string conversion
[Method: GET, Route: auth/reset_password/a65e42339eb99a70a96b.16b4512587bbe219c8769afaf46f1d924335abb4708cc5ccfa1a588ab7bdf166b10d3b547cdd64c2]
in APPPATH/Controllers/Admin.php on line 80.
 1 APPPATH/Controllers/Admin.php(80): CodeIgniter\Debug\Exceptions->errorHandler()
 2 SYSTEMPATH/CodeIgniter.php(933): App\Controllers\Admin->forgotPasswordCheck()
 3 SYSTEMPATH/CodeIgniter.php(509): CodeIgniter\CodeIgniter->runController()
 4 SYSTEMPATH/CodeIgniter.php(355): CodeIgniter\CodeIgniter->handleRequest()
 5 SYSTEMPATH/Boot.php(312): CodeIgniter\CodeIgniter->run()
 6 SYSTEMPATH/Boot.php(67): CodeIgniter\Boot::runCodeIgniter()
 7 FCPATH/index.php(56): CodeIgniter\Boot::bootWeb()
 8 SYSTEMPATH/Commands/Server/rewrite.php(49): require_once('/opt/lampp/htdocs/kingjari/public/index.php')
CRITICAL - 2024-04-21 17:06:30 --> CodeIgniter\View\Exceptions\ViewException: Invalid file: "admin/resetForm.php"
[Method: GET, Route: auth/reset_password/a65e42339eb99a70a96b.16b4512587bbe219c8769afaf46f1d924335abb4708cc5ccfa1a588ab7bdf166b10d3b547cdd64c2]
in SYSTEMPATH/Exceptions/FrameworkException.php on line 41.
 1 SYSTEMPATH/View/View.php(222): CodeIgniter\Exceptions\FrameworkException::forInvalidFile()
 2 SYSTEMPATH/Common.php(1171): CodeIgniter\View\View->render()
 3 APPPATH/Controllers/Admin.php(80): view()
 4 SYSTEMPATH/CodeIgniter.php(933): App\Controllers\Admin->forgotPasswordCheck()
 5 SYSTEMPATH/CodeIgniter.php(509): CodeIgniter\CodeIgniter->runController()
 6 SYSTEMPATH/CodeIgniter.php(355): CodeIgniter\CodeIgniter->handleRequest()
 7 SYSTEMPATH/Boot.php(312): CodeIgniter\CodeIgniter->run()
 8 SYSTEMPATH/Boot.php(67): CodeIgniter\Boot::runCodeIgniter()
 9 FCPATH/index.php(56): CodeIgniter\Boot::bootWeb()
10 SYSTEMPATH/Commands/Server/rewrite.php(49): require_once('/opt/lampp/htdocs/kingjari/public/index.php')
CRITICAL - 2024-04-21 17:06:34 --> CodeIgniter\View\Exceptions\ViewException: Invalid file: "admin/resetForm.php"
[Method: GET, Route: auth/reset_password/a65e42339eb99a70a96b.16b4512587bbe219c8769afaf46f1d924335abb4708cc5ccfa1a588ab7bdf166b10d3b547cdd64c2]
in SYSTEMPATH/Exceptions/FrameworkException.php on line 41.
 1 SYSTEMPATH/View/View.php(222): CodeIgniter\Exceptions\FrameworkException::forInvalidFile()
 2 SYSTEMPATH/Common.php(1171): CodeIgniter\View\View->render()
 3 APPPATH/Controllers/Admin.php(80): view()
 4 SYSTEMPATH/CodeIgniter.php(933): App\Controllers\Admin->forgotPasswordCheck()
 5 SYSTEMPATH/CodeIgniter.php(509): CodeIgniter\CodeIgniter->runController()
 6 SYSTEMPATH/CodeIgniter.php(355): CodeIgniter\CodeIgniter->handleRequest()
 7 SYSTEMPATH/Boot.php(312): CodeIgniter\CodeIgniter->run()
 8 SYSTEMPATH/Boot.php(67): CodeIgniter\Boot::runCodeIgniter()
 9 FCPATH/index.php(56): CodeIgniter\Boot::bootWeb()
10 SYSTEMPATH/Commands/Server/rewrite.php(49): require_once('/opt/lampp/htdocs/kingjari/public/index.php')
CRITICAL - 2024-04-21 17:12:44 --> TypeError: IonAuth\Models\IonAuthModel::resetPassword(): Argument #1 ($identity) must be of type string, null given
[Method: POST, Route: auth/reset_password/a65e42339eb99a70a96b.16b4512587bbe219c8769afaf46f1d924335abb4708cc5ccfa1a588ab7bdf166b10d3b547cdd64c2]
in VENDORPATH/benedmunds/codeigniter-ion-auth/Models/IonAuthModel.php on line 525.
 1 [internal function]: IonAuth\Models\IonAuthModel->resetPassword()
 2 VENDORPATH/benedmunds/codeigniter-ion-auth/Libraries/IonAuth.php(104): call_user_func_array()
 3 APPPATH/Controllers/Admin.php(105): IonAuth\Libraries\IonAuth->__call()
 4 SYSTEMPATH/CodeIgniter.php(933): App\Controllers\Admin->resetPassword()
 5 SYSTEMPATH/CodeIgniter.php(509): CodeIgniter\CodeIgniter->runController()
 6 SYSTEMPATH/CodeIgniter.php(355): CodeIgniter\CodeIgniter->handleRequest()
 7 SYSTEMPATH/Boot.php(312): CodeIgniter\CodeIgniter->run()
 8 SYSTEMPATH/Boot.php(67): CodeIgniter\Boot::runCodeIgniter()
 9 FCPATH/index.php(56): CodeIgniter\Boot::bootWeb()
10 SYSTEMPATH/Commands/Server/rewrite.php(49): require_once('/opt/lampp/htdocs/kingjari/public/index.php')
CRITICAL - 2024-04-21 17:15:24 --> Error: Object of class stdClass could not be converted to string
[Method: POST, Route: auth/reset_password/a65e42339eb99a70a96b.16b4512587bbe219c8769afaf46f1d924335abb4708cc5ccfa1a588ab7bdf166b10d3b547cdd64c2]
in APPPATH/Controllers/Admin.php on line 99.
 1 SYSTEMPATH/CodeIgniter.php(933): App\Controllers\Admin->resetPassword()
 2 SYSTEMPATH/CodeIgniter.php(509): CodeIgniter\CodeIgniter->runController()
 3 SYSTEMPATH/CodeIgniter.php(355): CodeIgniter\CodeIgniter->handleRequest()
 4 SYSTEMPATH/Boot.php(312): CodeIgniter\CodeIgniter->run()
 5 SYSTEMPATH/Boot.php(67): CodeIgniter\Boot::runCodeIgniter()
 6 FCPATH/index.php(56): CodeIgniter\Boot::bootWeb()
 7 SYSTEMPATH/Commands/Server/rewrite.php(49): require_once('/opt/lampp/htdocs/kingjari/public/index.php')
