CRITICAL - 2024-04-19 07:28:37 --> ErrorException: finfo_file(/tmp/phpVPsl0Y): Failed to open stream: No such file or directory
[Method: POST, Route: admin/media]
in SYSTEMPATH/Files/File.php on line 114.
 1 [internal function]: CodeIgniter\Debug\Exceptions->errorHandler()
 2 SYSTEMPATH/Files/File.php(114): finfo_file()
 3 APPPATH/Controllers/Admin.php(238): CodeIgniter\Files\File->getMimeType()
 4 SYSTEMPATH/CodeIgniter.php(933): App\Controllers\Admin->addMedia()
 5 SYSTEMPATH/CodeIgniter.php(509): CodeIgniter\CodeIgniter->runController()
 6 SYSTEMPATH/CodeIgniter.php(355): CodeIgniter\CodeIgniter->handleRequest()
 7 SYSTEMPATH/Boot.php(312): CodeIgniter\CodeIgniter->run()
 8 SYSTEMPATH/Boot.php(67): CodeIgniter\Boot::runCodeIgniter()
 9 FCPATH/index.php(56): CodeIgniter\Boot::bootWeb()
10 SYSTEMPATH/Commands/Server/rewrite.php(49): require_once('/opt/lampp/htdocs/kingjari/public/index.php')
CRITICAL - 2024-04-19 08:15:50 --> CodeIgniter\Files\Exceptions\FileException: Could not move file "phpTprrxU" to "/opt/lampp/htdocs/kingjari/app/public/uploads/". Reason: rename(/tmp/phpTprrxU,/opt/lampp/htdocs/kingjari/app/public/uploads/phpTprrxU): No such file or directory
[Method: POST, Route: admin/media]
in SYSTEMPATH/Files/File.php on line 148.
 1 SYSTEMPATH/Files/File.php(148): CodeIgniter\Files\Exceptions\FileException::forUnableToMove()
 2 APPPATH/Controllers/Admin.php(244): CodeIgniter\Files\File->move()
 3 SYSTEMPATH/CodeIgniter.php(933): App\Controllers\Admin->addMedia()
 4 SYSTEMPATH/CodeIgniter.php(509): CodeIgniter\CodeIgniter->runController()
 5 SYSTEMPATH/CodeIgniter.php(355): CodeIgniter\CodeIgniter->handleRequest()
 6 SYSTEMPATH/Boot.php(312): CodeIgniter\CodeIgniter->run()
 7 SYSTEMPATH/Boot.php(67): CodeIgniter\Boot::runCodeIgniter()
 8 FCPATH/index.php(56): CodeIgniter\Boot::bootWeb()
 9 SYSTEMPATH/Commands/Server/rewrite.php(49): require_once('/opt/lampp/htdocs/kingjari/public/index.php')
